============================= test session starts =============================
platform win32 -- Python 3.11.9, pytest-9.1.1, pluggy-1.6.0 -- C:\Users\Brandon\AppData\Local\Programs\Python\Python311\python.exe
cachedir: .pytest_cache
rootdir: C:\Users\Brandon\trading_system
plugins: anyio-4.14.1
collecting ... collected 14 items

tests/test_market_information_availability_authority.py::test_pre_market_sec_filing_is_available_for_regular_session_decision PASSED [  7%]
tests/test_market_information_availability_authority.py::test_after_close_sec_filing_is_not_available_for_same_day_rth_decision PASSED [ 14%]
tests/test_market_information_availability_authority.py::test_holiday_decision_fails_session_policy PASSED [ 21%]
tests/test_market_information_availability_authority.py::test_early_close_maps_decision_to_after_hours_session PASSED [ 28%]
tests/test_market_information_availability_authority.py::test_dst_transition_uses_exchange_timezone_for_regular_session PASSED [ 35%]
tests/test_market_information_availability_authority.py::test_provider_delay_controls_earliest_permitted_use PASSED [ 42%]
tests/test_market_information_availability_authority.py::test_retrospective_correction_after_decision_fails_closed PASSED [ 50%]
tests/test_market_information_availability_authority.py::test_missing_first_seen_time_is_unknown_and_not_promotion_usable PASSED [ 57%]
tests/test_market_information_availability_authority.py::test_conflicting_timestamps_fail_closed PASSED [ 64%]
tests/test_market_information_availability_authority.py::test_authority_result_is_deterministic PASSED [ 71%]
tests/test_market_information_availability_authority.py::test_news_pit_policy_uses_publication_and_first_seen PASSED [ 78%]
tests/test_market_information_availability_authority.py::test_fundamental_snapshots_use_authority_and_exclude_future_filing PASSED [ 85%]
tests/test_market_information_availability_authority.py::test_daily_price_features_exclude_future_history_with_authority_evidence PASSED [ 92%]
tests/test_market_information_availability_authority.py::test_represented_market_halt_fails_session_policy PASSED [100%]

============================= 14 passed in 0.53s ==============================
