============================= test session starts =============================
platform win32 -- Python 3.11.9, pytest-9.1.1, pluggy-1.6.0 -- C:\Users\Brandon\AppData\Local\Programs\Python\Python311\python.exe
cachedir: .pytest_cache
rootdir: C:\Users\Brandon\trading_system
plugins: anyio-4.14.1
collecting ... collected 136 items

tests/test_stock_alpha_news_contract.py::test_valid_contract_passes_when_features_and_transformer_enabled PASSED [  0%]
tests/test_stock_alpha_news_contract.py::test_missing_required_fields_fails PASSED [  1%]
tests/test_stock_alpha_news_contract.py::test_phase6_required_raw_fields_include_event_relevance_and_novelty PASSED [  2%]
tests/test_stock_alpha_news_contract.py::test_future_published_at_is_a_diagnostic_candidate_not_contract_failure PASSED [  2%]
tests/test_stock_alpha_news_contract.py::test_future_ingested_at_is_a_diagnostic_candidate_not_contract_failure PASSED [  3%]
tests/test_stock_alpha_news_contract.py::test_insufficient_coverage_fails PASSED [  4%]
tests/test_stock_alpha_news_contract.py::test_synthetic_zero_news_fake_coverage_is_rejected PASSED [  5%]
tests/test_stock_alpha_news_contract.py::test_csv_row_repository_reads_large_raw_news_fields PASSED [  5%]
tests/test_stock_alpha_news_contract.py::test_transformer_remains_unavailable_without_valid_contract PASSED [  6%]
tests/test_stock_alpha_news_contract.py::test_news_transformer_readiness_unavailable_when_features_missing PASSED [  7%]
tests/test_stock_alpha_news_contract.py::test_news_transformer_readiness_requires_enable_flag PASSED [  8%]
tests/test_stock_alpha_news_contract.py::test_news_transformer_readiness_rejects_missing_required_columns PASSED [  8%]
tests/test_stock_alpha_news_contract.py::test_news_transformer_readiness_rejects_alignment_and_coverage_failures PASSED [  9%]
tests/test_stock_alpha_news_contract.py::test_news_transformer_readiness_available_only_with_valid_features_and_enable_flag PASSED [ 10%]
tests/test_stock_alpha_news_contract.py::test_news_transformer_readiness_rejects_feature_timestamp_leakage PASSED [ 11%]
tests/test_stock_alpha_news_contract.py::test_news_readiness_preflight_blocks_when_transformer_disabled PASSED [ 11%]
tests/test_stock_alpha_news_contract.py::test_news_readiness_preflight_safe_only_with_enabled_valid_features_and_audit PASSED [ 12%]
tests/test_stock_alpha_news_contract.py::test_news_readiness_preflight_blocks_true_pit_violation_reported_by_audit PASSED [ 13%]
tests/test_stock_alpha_news_contract.py::test_news_readiness_preflight_writes_json_and_markdown PASSED [ 13%]
tests/test_stock_alpha_news_contract.py::test_news_contract_ingest_writes_canonical_csv_and_audit PASSED [ 14%]
tests/test_stock_alpha_news_contract.py::test_news_contract_ingest_missing_source_path_fails_without_contract PASSED [ 15%]
tests/test_stock_alpha_news_contract.py::test_news_contract_ingest_wrapper_reports_missing_source_cleanly PASSED [ 16%]
tests/test_stock_alpha_news_contract.py::test_news_contract_ingest_dedupes_duplicate_article_id PASSED [ 16%]
tests/test_stock_alpha_news_contract.py::test_news_contract_ingest_rejects_ingested_before_published PASSED [ 17%]
tests/test_stock_alpha_news_contract.py::test_news_contract_ingest_missing_required_input_columns_blocks_generation PASSED [ 18%]
tests/test_stock_alpha_news_contract.py::test_news_contract_ingest_uppercases_symbols PASSED [ 19%]
tests/test_stock_alpha_news_contract.py::test_news_contract_ingest_normalizes_event_types PASSED [ 19%]
tests/test_stock_alpha_news_contract.py::test_tiny_raw_provider_ingest_smoke_runs_contract_features_and_preflight PASSED [ 20%]
tests/test_stock_alpha_news_contract.py::test_alias_provider_column_map_ingest_writes_canonical_contract PASSED [ 21%]
tests/test_stock_alpha_news_contract.py::test_alias_provider_column_map_missing_provider_column_fails_without_contract PASSED [ 22%]
tests/test_stock_alpha_news_contract.py::test_provider_audit_alias_fixture_reports_quality_metrics PASSED [ 22%]
tests/test_stock_alpha_news_contract.py::test_provider_audit_explains_sec_edgar_duplicate_headlines PASSED [ 23%]
tests/test_stock_alpha_news_contract.py::test_provider_audit_missing_mapped_provider_column_blocks PASSED [ 24%]
tests/test_stock_alpha_news_contract.py::test_provider_audit_wrapper_reports_missing_source_cleanly PASSED [ 25%]
tests/test_stock_alpha_news_contract.py::test_tiny_news_coverage_audit_reports_alignment_metrics PASSED [ 25%]
tests/test_stock_alpha_news_contract.py::test_news_coverage_audit_reports_ingestion_time_alignment_blocker PASSED [ 26%]
tests/test_stock_alpha_news_contract.py::test_news_coverage_audit_provider_available_policy_uses_explicit_availability_lag PASSED [ 27%]
tests/test_stock_alpha_news_contract.py::test_news_coverage_audit_provider_available_policy_requires_explicit_research_flag PASSED [ 27%]
tests/test_stock_alpha_news_contract.py::test_news_coverage_audit_missing_contract_path_blocks_cleanly PASSED [ 28%]
tests/test_stock_alpha_news_contract.py::test_news_coverage_audit_missing_stock_rows_path_blocks_cleanly PASSED [ 29%]
tests/test_stock_alpha_news_contract.py::test_news_coverage_audit_missing_required_columns_blocks PASSED [ 30%]
tests/test_stock_alpha_news_contract.py::test_contract_report_writes_json_markdown_and_coverage PASSED [ 30%]
tests/test_stock_alpha_news_contract.py::test_news_feature_aggregation_enforces_point_in_time_windows PASSED [ 31%]
tests/test_stock_alpha_news_contract.py::test_news_feature_aggregation_does_not_count_future_articles_in_windows PASSED [ 32%]
tests/test_stock_alpha_news_contract.py::test_negative_news_count_uses_configurable_threshold PASSED [ 33%]
tests/test_stock_alpha_news_contract.py::test_news_feature_aggregation_keeps_missing_news_as_missing_not_neutral PASSED [ 33%]
tests/test_stock_alpha_news_contract.py::test_news_feature_writer_outputs_features_and_audit_then_gate_can_validate PASSED [ 34%]
tests/test_stock_alpha_news_contract.py::test_news_feature_writer_from_config_reads_stock_rows_file PASSED [ 35%]
tests/test_stock_alpha_news_contract.py::test_news_feature_writer_fails_clearly_when_news_contract_missing PASSED [ 36%]
tests/test_stock_alpha_news_contract.py::test_news_feature_writer_fails_clearly_when_stock_rows_missing PASSED [ 36%]
tests/test_stock_alpha_news_contract.py::test_news_feature_writer_fails_clearly_when_stock_row_fields_missing PASSED [ 37%]
tests/test_stock_alpha_news_contract.py::test_news_feature_writer_fails_clearly_when_guardrails_invalid PASSED [ 38%]
tests/test_stock_alpha_news_contract.py::test_news_feature_template_configs_load PASSED [ 38%]
tests/test_stock_alpha_news_contract.py::test_tiny_news_fixture_contract_is_real_shaped_and_unique PASSED [ 39%]
tests/test_stock_alpha_news_contract.py::test_tiny_news_fixture_generates_features_and_readiness PASSED [ 40%]
tests/test_stock_alpha_news_contract.py::test_news_feature_writer_excludes_future_archive_rows PASSED [ 41%]
tests/test_stock_alpha_news_contract.py::test_stock_alpha_news_pipeline_preflight_tiny_fixture_stops_at_disabled_transformer PASSED [ 41%]
tests/test_stock_alpha_news_contract.py::test_provider_sample_check_canonical_tiny_is_compatible_and_read_only PASSED [ 42%]
tests/test_stock_alpha_news_contract.py::test_provider_sample_check_alias_mapping_is_compatible PASSED [ 43%]
tests/test_stock_alpha_news_contract.py::test_provider_sample_check_missing_file_blocks_cleanly PASSED [ 44%]
tests/test_stock_alpha_news_contract.py::test_provider_sample_check_missing_mapped_column_is_incompatible PASSED [ 44%]
tests/test_stock_alpha_news_contract.py::test_provider_sample_check_bad_timestamps_are_incompatible PASSED [ 45%]
tests/test_stock_alpha_news_contract.py::test_news_feature_diagnostics_missing_inputs_block_cleanly PASSED [ 46%]
tests/test_stock_alpha_news_contract.py::test_news_feature_diagnostics_tiny_report_is_read_only FAILED [ 47%]
tests/test_stock_alpha_news_contract.py::test_news_feature_diagnostics_enforces_columns_and_audit_safety PASSED [ 47%]
tests/test_stock_alpha_news_contract.py::test_news_feature_diagnostics_no_news_missing_sentiment_and_labels_skip PASSED [ 48%]
tests/test_stock_alpha_news_contract.py::test_news_source_diagnostics_missing_inputs_block_cleanly PASSED [ 49%]
tests/test_stock_alpha_news_contract.py::test_news_source_diagnostics_tiny_is_read_only_and_exploratory PASSED [ 50%]
tests/test_stock_alpha_news_contract.py::test_news_source_diagnostics_multiple_sources_agreement_duplication_and_label_skip PASSED [ 50%]
tests/test_stock_alpha_news_contract.py::test_news_source_diagnostics_true_timestamp_leakage_blocks PASSED [ 51%]
tests/test_stock_alpha_news_contract.py::test_gdelt_fake_response_normalizes_without_invented_scores PASSED [ 52%]
tests/test_stock_alpha_news_contract.py::test_gdelt_ambiguous_short_symbol_is_skipped_without_company_alias PASSED [ 52%]
tests/test_stock_alpha_news_contract.py::test_alpha_vantage_news_source_honors_configured_date_window PASSED [ 53%]
tests/test_stock_alpha_news_contract.py::test_massive_stock_news_source_maps_response_to_canonical_rows PASSED [ 54%]
tests/test_stock_alpha_news_contract.py::test_massive_stock_news_zero_results_are_empty_not_failure PASSED [ 55%]
tests/test_stock_alpha_news_contract.py::test_company_press_release_rss_source_maps_sample_to_canonical_without_scores PASSED [ 55%]
tests/test_stock_alpha_news_contract.py::test_company_press_release_rss_empty_feed_reports_zero_reason_not_failure PASSED [ 56%]
tests/test_stock_alpha_news_contract.py::test_379_registry_collection_report_is_bounded_and_offline PASSED [ 57%]
tests/test_stock_alpha_news_contract.py::test_company_press_release_rss_invalid_feed_url_is_diagnostic_not_collection_failure PASSED [ 58%]
tests/test_stock_alpha_news_contract.py::test_free_source_collection_reports_rss_registry_metrics PASSED [ 58%]
tests/test_stock_alpha_news_contract.py::test_free_source_collection_rss_runtime_controls_bound_live_requests PASSED [ 59%]
tests/test_stock_alpha_news_contract.py::test_stock_alpha_news_collect_summary_selects_guardrail_fields PASSED [ 60%]
tests/test_stock_alpha_news_contract.py::test_stock_alpha_news_universe_batches_cover_379_symbols_once PASSED [ 61%]
tests/test_stock_alpha_news_contract.py::test_free_source_collection_missing_keys_skip_and_dry_run_is_safe PASSED [ 61%]
tests/test_stock_alpha_news_contract.py::test_free_source_collection_writes_deduplicated_canonical_csv PASSED [ 62%]
tests/test_stock_alpha_news_contract.py::test_free_source_collection_batches_symbols_and_reports_provider_coverage PASSED [ 63%]
tests/test_stock_alpha_news_contract.py::test_gdelt_collection_reports_query_terms_and_ambiguous_skips PASSED [ 63%]
tests/test_stock_alpha_news_contract.py::test_free_source_collection_merges_with_backup_and_stable_deduplication PASSED [ 64%]
tests/test_stock_alpha_news_contract.py::test_free_source_collection_protects_output_and_isolates_provider_error PASSED [ 65%]
tests/test_stock_alpha_news_contract.py::test_free_source_collection_report_redacts_api_key PASSED [ 66%]
tests/test_stock_alpha_news_contract.py::test_news_source_setup_check_gdelt_only_needs_no_key_and_is_read_only FAILED [ 66%]
tests/test_stock_alpha_news_contract.py::test_news_source_setup_check_key_presence_without_value_disclosure FAILED [ 67%]
tests/test_stock_alpha_news_contract.py::test_news_source_setup_check_disabled_keyed_provider_does_not_block_and_literal_is_flagged PASSED [ 68%]
tests/test_stock_alpha_news_contract.py::test_daily_confirmation_reports_negative_news_and_recent_sec_filing PASSED [ 69%]
tests/test_stock_alpha_news_contract.py::test_daily_confirmation_alpha_rate_limit_is_provider_limited_and_redacted PASSED [ 69%]
tests/test_stock_alpha_news_contract.py::test_daily_confirmation_zero_recent_news_is_not_provider_failure PASSED [ 70%]
tests/test_stock_alpha_news_contract.py::test_free_source_collection_reports_zero_rows_and_practical_next_actions PASSED [ 71%]
tests/test_stock_alpha_news_contract.py::test_free_source_collection_paid_upgrade_failures_have_specific_action PASSED [ 72%]
tests/test_stock_alpha_news_contract.py::test_news_source_adapter_distributes_hard_cap_across_symbols PASSED [ 72%]
tests/test_stock_alpha_news_contract.py::test_news_collection_planner_reads_raw_gaps_and_is_read_only PASSED [ 73%]
tests/test_stock_alpha_news_contract.py::test_news_collection_planner_handles_missing_stock_rows PASSED [ 74%]
tests/test_stock_alpha_news_contract.py::test_sec_edgar_fake_response_normalizes_official_filings_without_sentiment PASSED [ 75%]
tests/test_stock_alpha_news_contract.py::test_sec_edgar_repeated_forms_have_distinct_metadata_headlines PASSED [ 75%]
tests/test_stock_alpha_news_contract.py::test_sec_company_filings_uses_official_submissions_and_distinct_provider PASSED [ 76%]
tests/test_stock_alpha_news_contract.py::test_sec_company_filings_can_load_official_sec_company_tickers_mapping PASSED [ 77%]
tests/test_stock_alpha_news_contract.py::test_sec_company_filings_reports_missing_cik_without_fabricating_mapping PASSED [ 77%]
tests/test_stock_alpha_news_contract.py::test_stock_alpha_news_coverage_audit_flags_gaps_and_duplicates PASSED [ 78%]
tests/test_stock_alpha_news_contract.py::test_stock_alpha_news_coverage_audit_reports_cap_starved_sec_symbols PASSED [ 79%]
tests/test_stock_alpha_news_contract.py::test_stock_alpha_news_coverage_audit_combines_rss_and_sec_reports PASSED [ 80%]
tests/test_stock_alpha_news_contract.py::test_stock_alpha_news_coverage_audit_prefers_row_level_sec_event_artifacts PASSED [ 80%]
tests/test_stock_alpha_news_contract.py::test_stock_alpha_news_coverage_audit_can_prefer_12mo_sec_artifacts FAILED [ 81%]
tests/test_stock_alpha_news_contract.py::test_stock_alpha_news_coverage_audit_can_prefer_36mo_sec_artifacts_without_raw_paths PASSED [ 82%]
tests/test_stock_alpha_news_contract.py::test_stock_alpha_news_coverage_audit_can_merge_36mo_pilots_without_replacing_12mo FAILED [ 83%]
tests/test_stock_alpha_news_contract.py::test_stock_alpha_news_coverage_audit_can_merge_generated_36mo_parts PASSED [ 83%]
tests/test_stock_alpha_news_contract.py::test_contract_ingest_preflight_accepts_rss_and_sec_summary_and_blocks_features PASSED [ 84%]
tests/test_stock_alpha_news_contract.py::test_contract_ingest_preflight_accepts_row_level_sec_event_artifact PASSED [ 85%]
tests/test_stock_alpha_news_contract.py::test_contract_ingest_preflight_can_prefer_12mo_sec_artifacts FAILED [ 86%]
tests/test_stock_alpha_news_contract.py::test_contract_ingest_preflight_can_prefer_36mo_sec_artifacts_without_raw_paths PASSED [ 86%]
tests/test_stock_alpha_news_contract.py::test_contract_ingest_preflight_can_merge_36mo_pilots_without_replacing_12mo FAILED [ 87%]
tests/test_stock_alpha_news_contract.py::test_contract_ingest_preflight_can_merge_generated_36mo_parts PASSED [ 88%]
tests/test_stock_alpha_news_contract.py::test_stock_alpha_news_coverage_audit_can_merge_sec_window_parts PASSED [ 88%]
tests/test_stock_alpha_news_contract.py::test_contract_ingest_preflight_can_merge_sec_window_parts PASSED [ 89%]
tests/test_stock_alpha_news_contract.py::test_sec_company_filings_dry_run_writes_row_level_event_artifact PASSED [ 90%]
tests/test_stock_alpha_news_contract.py::test_contract_ingest_preflight_counts_missing_future_and_duplicate_rows PASSED [ 91%]
tests/test_stock_alpha_news_contract.py::test_gdelt_http_429_is_rate_limited_with_clean_next_action PASSED [ 91%]
tests/test_stock_alpha_news_contract.py::test_gdelt_non_rate_limit_failure_reports_zero_rows PASSED [ 92%]
tests/test_stock_alpha_news_contract.py::test_alpha_vantage_rate_limit_payload_is_reported_without_key_disclosure PASSED [ 93%]
tests/test_stock_alpha_news_contract.py::test_massive_collection_uses_polygon_key_fallback_and_redacts_rate_limit PASSED [ 94%]
tests/test_stock_alpha_news_contract.py::test_massive_collection_missing_primary_and_fallback_keys_skips PASSED [ 94%]
tests/test_stock_alpha_news_contract.py::test_news_pipeline_inspect_tiny_fixture_is_read_only PASSED [ 95%]
tests/test_stock_alpha_news_contract.py::test_news_pipeline_inspect_real_missing_raw_reports_next_action PASSED [ 96%]
tests/test_stock_alpha_news_contract.py::test_news_pipeline_inspect_malformed_thresholds_fail_cleanly[stock_alpha_news_coverage_min_symbol_coverage-bad-must be numeric] PASSED [ 97%]
tests/test_stock_alpha_news_contract.py::test_news_pipeline_inspect_malformed_thresholds_fail_cleanly[stock_alpha_news_unknown_min_rate-0.5-unknown stock-alpha news threshold] PASSED [ 97%]
tests/test_stock_alpha_news_contract.py::test_news_pipeline_inspect_ignores_risk_overlay_min_max_config PASSED [ 98%]
tests/test_stock_alpha_news_contract.py::test_stock_alpha_news_pipeline_preflight_real_template_missing_raw_is_clean PASSED [ 99%]
tests/test_stock_alpha_news_contract.py::test_stock_alpha_news_pipeline_preflight_stops_before_features_when_coverage_unsafe PASSED [100%]

================================== FAILURES ===================================
___________ test_news_feature_diagnostics_tiny_report_is_read_only ____________

tmp_path = WindowsPath('C:/Users/Brandon/AppData/Local/Temp/pytest-of-Brandon/pytest-2060/test_news_feature_diagnostics_1')

    def test_news_feature_diagnostics_tiny_report_is_read_only(tmp_path):
        config = load_config(
            "config/config.stock_alpha_news_feature_diagnostics_tiny_fixture.yaml",
            overlay_project_config=True,
        )
        config["ml"]["stock_alpha_news_feature_diagnostics_report_dir"] = str(tmp_path)
        paths = write_stock_alpha_news_feature_diagnostics(config)
        payload = json.loads(paths.json_path.read_text(encoding="utf-8"))
>       assert payload["input_status"]["required_columns_present"] is True
E       assert False is True

tests\test_stock_alpha_news_contract.py:1617: AssertionError
____ test_news_source_setup_check_gdelt_only_needs_no_key_and_is_read_only ____

tmp_path = WindowsPath('C:/Users/Brandon/AppData/Local/Temp/pytest-of-Brandon/pytest-2060/test_news_source_setup_check_g0')

    def test_news_source_setup_check_gdelt_only_needs_no_key_and_is_read_only(tmp_path):
        config = load_config("config/config.stock_alpha_news_source_setup_check_free_sources.yaml", overlay_project_config=True)
        config["ml"]["stock_alpha_news_source_setup_check_report_dir"] = str(tmp_path / "report")
        config["ml"]["stock_alpha_news_collect_output_path"] = str(tmp_path / "raw.csv")
        paths = write_stock_alpha_news_source_setup_check(config)
        payload = json.loads(paths.json_path.read_text(encoding="utf-8"))
        assert payload["providers_enabled"] == ["gdelt"]
        assert payload["enabled_providers_missing_key"] == []
>       assert payload["next_action"] == "run_free_source_dry_collection"
E       AssertionError: assert 'remove_key_values_from_config' == 'run_free_source_dry_collection'
E
E         - run_free_source_dry_collection
E         + remove_key_values_from_config

tests\test_stock_alpha_news_contract.py:2548: AssertionError
_____ test_news_source_setup_check_key_presence_without_value_disclosure ______

tmp_path = WindowsPath('C:/Users/Brandon/AppData/Local/Temp/pytest-of-Brandon/pytest-2060/test_news_source_setup_check_k0')
monkeypatch = <_pytest.monkeypatch.MonkeyPatch object at 0x000002D49F357690>

    def test_news_source_setup_check_key_presence_without_value_disclosure(tmp_path, monkeypatch):
        config = load_config("config/config.stock_alpha_news_collect_free_sources_keyed_dry_run.yaml", overlay_project_config=True)
        config["ml"]["stock_alpha_news_source_setup_check_report_dir"] = str(tmp_path)
        for name in ("ALPHA_VANTAGE_API_KEY", "FINNHUB_API_KEY", "FMP_API_KEY", "NEWSAPI_API_KEY"):
            monkeypatch.delenv(name, raising=False)
        paths = write_stock_alpha_news_source_setup_check(config)
        payload = json.loads(paths.json_path.read_text(encoding="utf-8"))
>       assert payload["next_action"] == "set_alpha_vantage_api_key"
E       AssertionError: assert 'remove_key_values_from_config' == 'set_alpha_vantage_api_key'
E
E         - set_alpha_vantage_api_key
E         + remove_key_values_from_config

tests\test_stock_alpha_news_contract.py:2563: AssertionError
_____ test_stock_alpha_news_coverage_audit_can_prefer_12mo_sec_artifacts ______

tmp_path = WindowsPath('C:/Users/Brandon/AppData/Local/Temp/pytest-of-Brandon/pytest-2060/test_stock_alpha_news_coverage4')

    def test_stock_alpha_news_coverage_audit_can_prefer_12mo_sec_artifacts(tmp_path):
        universe = tmp_path / "universe.yaml"
        registry = tmp_path / "registry.yaml"
        raw = tmp_path / "raw.csv"
        short_dir = tmp_path / "stock_alpha_news_collect_sec_company_filings_batch_05_dry_run" / "dev"
        long_dir = tmp_path / "stock_alpha_news_collect_sec_company_filings_batch_05_12mo_dry_run" / "dev"
        short_dir.mkdir(parents=True)
        long_dir.mkdir(parents=True)
        short_events = short_dir / "sec_company_filings_event_rows.jsonl"
        long_events = long_dir / "sec_company_filings_event_rows.jsonl"
        universe.write_text("available_count: 1\nsymbols: [BBB]\n", encoding="utf-8")
        registry.write_text(
            """
    _classifications:
      verified_rss_feed: []
      known_error_feed: []
      no_verified_official_rss: []
      sec_only_candidate: []
      disabled_pending_review: [BBB]
    """.strip(),
            encoding="utf-8",
        )
        fieldnames = [*REQUIRED_NEWS_CONTRACT_COLUMNS, "provider", "provider_article_id", "provider_url"]
        with raw.open("w", encoding="utf-8", newline="") as handle:
            csv.DictWriter(handle, fieldnames=fieldnames).writeheader()
        sec_row = {
            "symbol": "BBB",
            "provider": "sec_company_filings",
            "source_type": "sec_filing",
            "form_type": "8-K",
            "cik": "0000000001",
            "accession_number": "0000000001-26-000001",
            "filing_date": "2026-01-03",
            "published_at_utc": "2026-01-03T09:00:00Z",
            "filing_url": "https://www.sec.gov/Archives/edgar/data/1/1/",
            "collected_at_utc": "2026-01-03T10:00:00Z",
        }
        short_events.write_text(json.dumps(sec_row) + "\n", encoding="utf-8")
        long_events.write_text(json.dumps({**sec_row, "accession_number": "0000000001-26-000002"}) + "\n", encoding="utf-8")

        audit = build_stock_alpha_news_coverage_audit(
            universe_path=universe,
            registry_path=registry,
            raw_news_path=raw,
            sec_event_row_paths=[short_events, long_events],
            sec_artifact_selection="prefer_12mo",
            reports_root=tmp_path / "missing_reports",
        )

>       assert audit["sec_dry_run_row_count"] == 1
E       assert 2 == 1

tests\test_stock_alpha_news_contract.py:3254: AssertionError
_ test_stock_alpha_news_coverage_audit_can_merge_36mo_pilots_without_replacing_12mo _

tmp_path = WindowsPath('C:/Users/Brandon/AppData/Local/Temp/pytest-of-Brandon/pytest-2060/test_stock_alpha_news_coverage6')

    def test_stock_alpha_news_coverage_audit_can_merge_36mo_pilots_without_replacing_12mo(tmp_path):
        universe = tmp_path / "universe.yaml"
        registry = tmp_path / "registry.yaml"
        raw = tmp_path / "raw.csv"
        twelve_dir = tmp_path / "reports" / "stock_alpha_news_collect_sec_company_filings_batch_04_12mo_dry_run" / "dev"
        thirty_six_dir = tmp_path / "reports" / "stock_alpha_news_collect_sec_company_filings_batch_04_36mo_pilot_dry_run" / "dev"
        raw_data_dir = tmp_path / "data" / "news" / "stock_alpha_news_collect_sec_company_filings_batch_04_36mo_pilot_dry_run" / "dev"
        for directory in (twelve_dir, thirty_six_dir, raw_data_dir):
            directory.mkdir(parents=True)
        twelve_events = twelve_dir / "sec_company_filings_event_rows.jsonl"
        thirty_six_events = thirty_six_dir / "sec_company_filings_event_rows.jsonl"
        raw_data_events = raw_data_dir / "sec_company_filings_event_rows.jsonl"
        universe.write_text("available_count: 2\nsymbols: [AAA, BBB]\n", encoding="utf-8")
        registry.write_text(
            """
    _classifications:
      verified_rss_feed: []
      known_error_feed: []
      no_verified_official_rss: []
      sec_only_candidate: []
      disabled_pending_review: [AAA, BBB]
    """.strip(),
            encoding="utf-8",
        )
        fieldnames = [*REQUIRED_NEWS_CONTRACT_COLUMNS, "provider", "provider_article_id", "provider_url"]
        with raw.open("w", encoding="utf-8", newline="") as handle:
            csv.DictWriter(handle, fieldnames=fieldnames).writeheader()
        base_row = {
            "provider": "sec_company_filings",
            "source_type": "sec_filing",
            "form_type": "8-K",
            "cik": "0000000001",
            "filing_date": "2026-01-03",
            "published_at_utc": "2026-01-03T09:00:00Z",
            "filing_url": "https://www.sec.gov/Archives/edgar/data/1/1/",
            "collected_at_utc": "2026-01-03T10:00:00Z",
        }
        baseline_aaa = {**base_row, "symbol": "AAA", "accession_number": "0000000001-26-000001"}
        baseline_bbb = {**base_row, "symbol": "BBB", "accession_number": "0000000002-26-000001"}
        pilot_aaa_extra = {**base_row, "symbol": "AAA", "accession_number": "0000000001-26-000002", "published_at_utc": "2025-01-03T09:00:00Z"}
        raw_extra = {**base_row, "symbol": "AAA", "accession_number": "0000000001-26-000003"}
        twelve_events.write_text(
            json.dumps(baseline_aaa) + "\n" + json.dumps(baseline_bbb) + "\n",
            encoding="utf-8",
        )
        thirty_six_events.write_text(
            json.dumps(baseline_aaa) + "\n" + json.dumps(pilot_aaa_extra) + "\n",
            encoding="utf-8",
        )
        raw_data_events.write_text(json.dumps(raw_extra) + "\n", encoding="utf-8")

        audit = build_stock_alpha_news_coverage_audit(
            universe_path=universe,
            registry_path=registry,
            raw_news_path=raw,
            sec_event_row_paths=[twelve_events, thirty_six_events, raw_data_events],
            sec_artifact_selection="merge_36mo_pilots",
            reports_root=tmp_path / "reports",
        )

        assert audit["sec_dry_run_row_count"] == 3
        assert audit["rows_by_symbol_by_provider"]["sec_company_filings"] == {"AAA": 2, "BBB": 1}
>       assert audit["baseline_12mo_sec_row_count"] == 2
E       assert 3 == 2

tests\test_stock_alpha_news_contract.py:3400: AssertionError
________ test_contract_ingest_preflight_can_prefer_12mo_sec_artifacts _________

tmp_path = WindowsPath('C:/Users/Brandon/AppData/Local/Temp/pytest-of-Brandon/pytest-2060/test_contract_ingest_preflight2')

    def test_contract_ingest_preflight_can_prefer_12mo_sec_artifacts(tmp_path):
        short_dir = tmp_path / "stock_alpha_news_collect_sec_company_filings_batch_05_dry_run" / "dev"
        long_dir = tmp_path / "stock_alpha_news_collect_sec_company_filings_batch_05_12mo_dry_run" / "dev"
        short_dir.mkdir(parents=True)
        long_dir.mkdir(parents=True)
        short_events = short_dir / "sec_company_filings_event_rows.jsonl"
        long_events = long_dir / "sec_company_filings_event_rows.jsonl"
        row = {
            "symbol": "BBB",
            "provider": "sec_company_filings",
            "source_type": "sec_filing",
            "headline_or_title": "8-K filed by BBB",
            "source_url": "https://www.sec.gov/Archives/edgar/data/1/1/",
            "cik": "0000000001",
            "form_type": "8-K",
            "accession_number": "0000000001-26-000001",
            "filing_date": "2026-01-03",
            "published_at_utc": "2026-01-03T09:00:00Z",
            "filing_url": "https://www.sec.gov/Archives/edgar/data/1/1/",
            "collected_at_utc": "2026-01-03T10:00:00Z",
        }
        short_events.write_text(json.dumps(row) + "\n", encoding="utf-8")
        long_events.write_text(json.dumps(row) + "\n", encoding="utf-8")

        report = build_stock_alpha_news_contract_ingest_preflight(
            sec_event_row_paths=[short_events, long_events],
            sec_artifact_selection="prefer_12mo",
            min_symbol_coverage=1,
        )

        assert report["rows_checked_by_provider"] == {"sec_company_filings": 1}
        assert report["duplicate_event_key_count"] == 0
>       assert report["sec_event_rows_included"] == [str(long_events)]
E       AssertionError: assert ['C:\\Users\\Brandon\\AppData\\Local\\Temp\\pytest-of-Brandon\\pytest-2060\\test_contract_ingest_preflight2\\stock_alpha_news_collect_sec_company_filings_batch_05_dry_run\\dev\\sec_company_filings_event_rows.jsonl', 'C:\\Users\\Brandon\\AppData\\Local\\Temp\\pytest-of-Brandon\\pytest-2060\\test_contract_ingest_preflight2\\stock_alpha_news_collect_sec_company_filings_batch_05_12mo_dry_run\\dev\\sec_company_filings_event_rows.jsonl'] == ['C:\\Users\\Brandon\\AppData\\Local\\Temp\\pytest-of-Brandon\\pytest-2060\\test_contract_ingest_preflight2\\stock_alpha_news_collect_sec_company_filings_batch_05_12mo_dry_run\\dev\\sec_company_filings_event_rows.jsonl']
E
E         At index 0 diff: 'C:\\Users\\Brandon\\AppData\\Local\\Temp\\pytest-of-Brandon\\pytest-2060\\test_contract_ingest_preflight2\\stock_alpha_news_collect_sec_company_filings_batch_05_dry_run\\dev\\sec_company_filings_event_rows.jsonl' != 'C:\\Users\\Brandon\\AppData\\Local\\Temp\\pytest-of-Brandon\\pytest-2060\\test_contract_ingest_preflight2\\stock_alpha_news_collect_sec_company_filings_batch_05_12mo_dry_run\\dev\\sec_company_filings_event_rows.jsonl'
E         Left contains one more item: 'C:\\Users\\Brandon\\AppData\\Local\\Temp\\pytest-of-Brandon\\pytest-2060\\test_contract_ingest_preflight2\\stock_alpha_news_collect_sec_company_filings_batch_05_12mo_dry_run\\dev\\sec_company_filings_event_rows.jsonl'
E
E         Full diff:
E           [
E         +     'C:\\Users\\Brandon\\AppData\\Local\\Temp\\pytest-of-Brandon\\pytest-2060\\test_contract_ingest_preflight2\\stock_alpha_news_collect_sec_company_filings_batch_05_dry_run\\dev\\sec_company_filings_event_rows.jsonl',
E               'C:\\Users\\Brandon\\AppData\\Local\\Temp\\pytest-of-Brandon\\pytest-2060\\test_contract_ingest_preflight2\\stock_alpha_news_collect_sec_company_filings_batch_05_12mo_dry_run\\dev\\sec_company_filings_event_rows.jsonl',
E           ]

tests\test_stock_alpha_news_contract.py:3611: AssertionError
_ test_contract_ingest_preflight_can_merge_36mo_pilots_without_replacing_12mo _

tmp_path = WindowsPath('C:/Users/Brandon/AppData/Local/Temp/pytest-of-Brandon/pytest-2060/test_contract_ingest_preflight4')

    def test_contract_ingest_preflight_can_merge_36mo_pilots_without_replacing_12mo(tmp_path):
        twelve_dir = tmp_path / "reports" / "stock_alpha_news_collect_sec_company_filings_batch_05_12mo_dry_run" / "dev"
        thirty_six_dir = tmp_path / "reports" / "stock_alpha_news_collect_sec_company_filings_batch_05_36mo_pilot_dry_run" / "dev"
        raw_data_dir = tmp_path / "data" / "news" / "stock_alpha_news_collect_sec_company_filings_batch_05_36mo_pilot_dry_run" / "dev"
        for directory in (twelve_dir, thirty_six_dir, raw_data_dir):
            directory.mkdir(parents=True)
        twelve_events = twelve_dir / "sec_company_filings_event_rows.jsonl"
        thirty_six_events = thirty_six_dir / "sec_company_filings_event_rows.jsonl"
        raw_data_events = raw_data_dir / "sec_company_filings_event_rows.jsonl"
        base_row = {
            "provider": "sec_company_filings",
            "source_type": "sec_filing",
            "headline_or_title": "8-K filed",
            "source_url": "https://www.sec.gov/Archives/edgar/data/1/1/",
            "cik": "0000000001",
            "form_type": "8-K",
            "filing_date": "2026-01-03",
            "published_at_utc": "2026-01-03T09:00:00Z",
            "filing_url": "https://www.sec.gov/Archives/edgar/data/1/1/",
            "collected_at_utc": "2026-01-03T10:00:00Z",
        }
        baseline_aaa = {**base_row, "symbol": "AAA", "accession_number": "0000000001-26-000001"}
        baseline_bbb = {**base_row, "symbol": "BBB", "accession_number": "0000000002-26-000001"}
        pilot_aaa_extra = {**base_row, "symbol": "AAA", "accession_number": "0000000001-26-000002", "published_at_utc": "2025-01-03T09:00:00Z"}
        raw_extra = {**base_row, "symbol": "AAA", "accession_number": "0000000001-26-000003"}
        twelve_events.write_text(
            json.dumps(baseline_aaa) + "\n" + json.dumps(baseline_bbb) + "\n",
            encoding="utf-8",
        )
        thirty_six_events.write_text(
            json.dumps(baseline_aaa) + "\n" + json.dumps(pilot_aaa_extra) + "\n",
            encoding="utf-8",
        )
        raw_data_events.write_text(json.dumps(raw_extra) + "\n", encoding="utf-8")

        report = build_stock_alpha_news_contract_ingest_preflight(
            sec_event_row_paths=[twelve_events, thirty_six_events, raw_data_events],
            sec_artifact_selection="merge_36mo_pilots",
            min_symbol_coverage=2,
        )

        assert report["rows_checked_by_provider"] == {"sec_company_filings": 3}
        assert report["valid_rows_by_provider"] == {"sec_company_filings": 3}
        assert report["duplicate_event_key_count"] == 0
>       assert report["baseline_12mo_sec_row_count"] == 2
E       assert 3 == 2

tests\test_stock_alpha_news_contract.py:3706: AssertionError
=========================== short test summary info ===========================
FAILED tests/test_stock_alpha_news_contract.py::test_news_feature_diagnostics_tiny_report_is_read_only - assert False is True
FAILED tests/test_stock_alpha_news_contract.py::test_news_source_setup_check_gdelt_only_needs_no_key_and_is_read_only - AssertionError: assert 'remove_key_values_from_config' == 'run_free_source_dry_collection'

  - run_free_source_dry_collection
  + remove_key_values_from_config
FAILED tests/test_stock_alpha_news_contract.py::test_news_source_setup_check_key_presence_without_value_disclosure - AssertionError: assert 'remove_key_values_from_config' == 'set_alpha_vantage_api_key'

  - set_alpha_vantage_api_key
  + remove_key_values_from_config
FAILED tests/test_stock_alpha_news_contract.py::test_stock_alpha_news_coverage_audit_can_prefer_12mo_sec_artifacts - assert 2 == 1
FAILED tests/test_stock_alpha_news_contract.py::test_stock_alpha_news_coverage_audit_can_merge_36mo_pilots_without_replacing_12mo - assert 3 == 2
FAILED tests/test_stock_alpha_news_contract.py::test_contract_ingest_preflight_can_prefer_12mo_sec_artifacts - AssertionError: assert ['C:\\Users\\Brandon\\AppData\\Local\\Temp\\pytest-of-Brandon\\pytest-2060\\test_contract_ingest_preflight2\\stock_alpha_news_collect_sec_company_filings_batch_05_dry_run\\dev\\sec_company_filings_event_rows.jsonl', 'C:\\Users\\Brandon\\AppData\\Local\\Temp\\pytest-of-Brandon\\pytest-2060\\test_contract_ingest_preflight2\\stock_alpha_news_collect_sec_company_filings_batch_05_12mo_dry_run\\dev\\sec_company_filings_event_rows.jsonl'] == ['C:\\Users\\Brandon\\AppData\\Local\\Temp\\pytest-of-Brandon\\pytest-2060\\test_contract_ingest_preflight2\\stock_alpha_news_collect_sec_company_filings_batch_05_12mo_dry_run\\dev\\sec_company_filings_event_rows.jsonl']

  At index 0 diff: 'C:\\Users\\Brandon\\AppData\\Local\\Temp\\pytest-of-Brandon\\pytest-2060\\test_contract_ingest_preflight2\\stock_alpha_news_collect_sec_company_filings_batch_05_dry_run\\dev\\sec_company_filings_event_rows.jsonl' != 'C:\\Users\\Brandon\\AppData\\Local\\Temp\\pytest-of-Brandon\\pytest-2060\\test_contract_ingest_preflight2\\stock_alpha_news_collect_sec_company_filings_batch_05_12mo_dry_run\\dev\\sec_company_filings_event_rows.jsonl'
  Left contains one more item: 'C:\\Users\\Brandon\\AppData\\Local\\Temp\\pytest-of-Brandon\\pytest-2060\\test_contract_ingest_preflight2\\stock_alpha_news_collect_sec_company_filings_batch_05_12mo_dry_run\\dev\\sec_company_filings_event_rows.jsonl'

  Full diff:
    [
  +     'C:\\Users\\Brandon\\AppData\\Local\\Temp\\pytest-of-Brandon\\pytest-2060\\test_contract_ingest_preflight2\\stock_alpha_news_collect_sec_company_filings_batch_05_dry_run\\dev\\sec_company_filings_event_rows.jsonl',
        'C:\\Users\\Brandon\\AppData\\Local\\Temp\\pytest-of-Brandon\\pytest-2060\\test_contract_ingest_preflight2\\stock_alpha_news_collect_sec_company_filings_batch_05_12mo_dry_run\\dev\\sec_company_filings_event_rows.jsonl',
    ]
FAILED tests/test_stock_alpha_news_contract.py::test_contract_ingest_preflight_can_merge_36mo_pilots_without_replacing_12mo - assert 3 == 2
======================= 7 failed, 129 passed in 15.75s ========================
